<?xml version="1.0" encoding="UTF-8"?>
<!-- Generated by org.testng.reporters.JUnitReportReporter -->
<testsuite hostname="NEHA" failures="0" tests="1" name="org.test.WebPageTest" time="0.012" errors="0" timestamp="2025-03-25T10:17:53 IST" skipped="0">
  <testcase classname="org.test.WebPageTest" name="titleValidationTest" time="0.012"/>
</testsuite> <!-- org.test.WebPageTest -->
